#
# A fatal error has been detected by the Java Runtime Environment:
#
#  EXCEPTION_ACCESS_VIOLATION (0xc0000005) at pc=0x00007ff940a8b5c2, pid=12308, tid=0x0000000000000eac
#
# JRE version: Java(TM) SE Runtime Environment (8.0_121-b13) (build 1.8.0_121-b13)
# Java VM: Java HotSpot(TM) 64-Bit Server VM (25.121-b13 mixed mode windows-amd64 compressed oops)
# Problematic frame:
# C  [cublas64_80.dll+0x19b5c2]
#
# Failed to write core dump. Minidumps are not enabled by default on client versions of Windows
#
# If you would like to submit a bug report, please visit:
#   http://bugreport.java.com/bugreport/crash.jsp
# The crash happened outside the Java Virtual Machine in native code.
# See problematic frame for where to report the bug.
#

---------------  T H R E A D  ---------------

Current thread (0x0000000002ef3800):  JavaThread "main" [_thread_in_native, id=3756, stack(0x0000000002a30000,0x0000000002b30000)]

siginfo: ExceptionCode=0xc0000005, reading address 0x0000000000000074

Registers:
RAX=0x0000000000000078, RBX=0x0000000000000000, RCX=0x0000000000000040, RDX=0x0000000000000000
RSP=0x0000000002b2f020, RBP=0x0000000002b2f250, RSI=0x0000000002ef39f8, RDI=0x00000000d5f2d398
R8 =0x0000000000000000, R9 =0x0000000000000040, R10=0x000000000000006a, R11=0x00000000656bd358
R12=0x0000000002b2f268, R13=0x0000000000000000, R14=0x00000000d5f2d328, R15=0x0000000002b2f258
RIP=0x00007ff940a8b5c2, EFLAGS=0x0000000000010202

Top of Stack: (sp=0x0000000002b2f020)
0x0000000002b2f020:   0000000000000000 00000000d5f2d3a0
0x0000000002b2f030:   0000000002ef39f8 00007ff964c4ede8
0x0000000002b2f040:   0000000002ef3800 0000000000000000
0x0000000002b2f050:   0000000002b2f250 0000000002ef3800
0x0000000002b2f060:   0000000002ef39f8 00007ff964c4dad1
0x0000000002b2f070:   000000002bee6f60 00007ff964c79740
0x0000000002b2f080:   000000000000006a 00000000656bd358
0x0000000002b2f090:   00007ff940a8b5ba 00007ff964c35858
0x0000000002b2f0a0:   0000000000000000 0000000002ef39f8
0x0000000002b2f0b0:   0000000002ef39f8 0000000000000000
0x0000000002b2f0c0:   0000000000000010 00000000d5f2d328
0x0000000002b2f0d0:   0000000000000000 0000000000000040
0x0000000002b2f0e0:   00000000d5f2d398 0000000000000000
0x0000000002b2f0f0:   0000000000000040 0000000000000000
0x0000000002b2f100:   0000000000000040 0000000002b2f268
0x0000000002b2f110:   0000000000000040 0000000000000040 

Instructions: (pc=0x00007ff940a8b5c2)
0x00007ff940a8b5a2:   5d 5b c3 cc cc cc cc cc cc cc cc cc cc cc b8 78
0x00007ff940a8b5b2:   00 00 00 e8 b6 7f 15 00 48 2b e0 48 85 c9 74 7d
0x00007ff940a8b5c2:   83 79 34 00 74 77 8b 84 24 e0 00 00 00 89 44 24
0x00007ff940a8b5d2:   60 48 8b 84 24 d8 00 00 00 48 89 44 24 58 8b 84 


Register to memory mapping:

RAX=0x0000000000000078 is an unknown value
RBX=0x0000000000000000 is an unknown value
RCX=0x0000000000000040 is an unknown value
RDX=0x0000000000000000 is an unknown value
RSP=0x0000000002b2f020 is pointing into the stack for thread: 0x0000000002ef3800
RBP=0x0000000002b2f250 is pointing into the stack for thread: 0x0000000002ef3800
RSI=0x0000000002ef39f8 is an unknown value
RDI=0x00000000d5f2d398 is an oop

[error occurred during error reporting (printing register info), id 0xc0000005]

Stack: [0x0000000002a30000,0x0000000002b30000],  sp=0x0000000002b2f020,  free space=1020k
Native frames: (J=compiled Java code, j=interpreted, Vv=VM code, C=native code)
C  [cublas64_80.dll+0x19b5c2]
C  [JCublas2-0.8.0-windows-x86_64.dll+0x15858]
C  0x000000000329aec8

Java frames: (J=compiled Java code, j=interpreted, Vv=VM code)
J 344  jcuda.jcublas.JCublas2.cublasDgeamNative(Ljcuda/jcublas/cublasHandle;IIIILjcuda/Pointer;Ljcuda/Pointer;ILjcuda/Pointer;Ljcuda/Pointer;ILjcuda/Pointer;I)I (0 bytes) @ 0x000000000329ae42 [0x000000000329ad40+0x102]
J 385 C2 VectorMatrix.addMatrix([D[DIIDD)[D (243 bytes) @ 0x00000000032cacc8 [0x00000000032ca220+0xaa8]
J 399 C2 VectorDNN.train()V (149 bytes) @ 0x00000000032da48c [0x00000000032da1a0+0x2ec]
j  VectorDNN.main([Ljava/lang/String;)V+41
v  ~StubRoutines::call_stub

---------------  P R O C E S S  ---------------

Java Threads: ( => current thread )
  0x000000001a071000 JavaThread "Service Thread" daemon [_thread_blocked, id=6948, stack(0x000000001aa50000,0x000000001ab50000)]
  0x0000000019fea000 JavaThread "C1 CompilerThread3" daemon [_thread_blocked, id=7744, stack(0x000000001a950000,0x000000001aa50000)]
  0x0000000019fe5800 JavaThread "C2 CompilerThread2" daemon [_thread_blocked, id=10596, stack(0x000000001a850000,0x000000001a950000)]
  0x0000000019fdd800 JavaThread "C2 CompilerThread1" daemon [_thread_blocked, id=9368, stack(0x000000001a750000,0x000000001a850000)]
  0x0000000019fda800 JavaThread "C2 CompilerThread0" daemon [_thread_blocked, id=12668, stack(0x000000001a650000,0x000000001a750000)]
  0x0000000019fd8000 JavaThread "Attach Listener" daemon [_thread_blocked, id=4028, stack(0x000000001a550000,0x000000001a650000)]
  0x0000000019fd7800 JavaThread "Signal Dispatcher" daemon [_thread_blocked, id=9332, stack(0x000000001a450000,0x000000001a550000)]
  0x0000000019f70800 JavaThread "Finalizer" daemon [_thread_blocked, id=7344, stack(0x000000001a350000,0x000000001a450000)]
  0x0000000002fe7000 JavaThread "Reference Handler" daemon [_thread_blocked, id=7048, stack(0x0000000019e50000,0x0000000019f50000)]
=>0x0000000002ef3800 JavaThread "main" [_thread_in_native, id=3756, stack(0x0000000002a30000,0x0000000002b30000)]

Other Threads:
  0x0000000018059800 VMThread [stack: 0x0000000019d50000,0x0000000019e50000] [id=4016]
  0x000000001a103800 WatcherThread [stack: 0x000000001ab50000,0x000000001ac50000] [id=5332]

VM state:not at safepoint (normal execution)

VM Mutex/Monitor currently owned by a thread: None

Heap:
 PSYoungGen      total 28160K, used 1885K [0x00000000d5e00000, 0x00000000d7e00000, 0x0000000100000000)
  eden space 27648K, 6% used [0x00000000d5e00000,0x00000000d5f9f510,0x00000000d7900000)
  from space 512K, 43% used [0x00000000d7980000,0x00000000d79b8000,0x00000000d7a00000)
  to   space 2560K, 0% used [0x00000000d7b80000,0x00000000d7b80000,0x00000000d7e00000)
 ParOldGen       total 87552K, used 1342K [0x0000000081a00000, 0x0000000086f80000, 0x00000000d5e00000)
  object space 87552K, 1% used [0x0000000081a00000,0x0000000081b4f940,0x0000000086f80000)
 Metaspace       used 5390K, capacity 5582K, committed 5888K, reserved 1056768K
  class space    used 590K, capacity 668K, committed 768K, reserved 1048576K

Card table byte_map: [0x0000000012490000,0x0000000012890000] byte_map_base: 0x0000000012083000

Marking Bits: (ParMarkBitMap*) 0x00000000656cb6d0
 Begin Bits: [0x0000000013340000, 0x00000000152d8000)
 End Bits:   [0x00000000152d8000, 0x0000000017270000)

Polling page: 0x0000000001280000

CodeCache: size=245760Kb used=2132Kb max_used=2143Kb free=243627Kb
 bounds [0x00000000030d0000, 0x0000000003340000, 0x00000000120d0000]
 total_blobs=833 nmethods=433 adapters=313
 compilation: enabled

Compilation events (10 events):
Event: 229.329 Thread 0x0000000019fdd800  429       4       VectorDNN::store (123 bytes)
Event: 229.345 Thread 0x0000000019fdd800 nmethod 429 0x00000000032e3010 code [0x00000000032e31e0, 0x00000000032e3b40]
Event: 238.127 Thread 0x0000000019fea000  430       1       java.lang.AbstractStringBuilder::length (5 bytes)
Event: 238.128 Thread 0x0000000019fea000 nmethod 430 0x00000000032e2d50 code [0x00000000032e2ea0, 0x00000000032e2fb0]
Event: 238.129 Thread 0x0000000019fea000  432       3       java.io.BufferedWriter::ensureOpen (18 bytes)
Event: 238.129 Thread 0x0000000019fea000 nmethod 432 0x00000000032e28d0 code [0x00000000032e2a40, 0x00000000032e2c88]
Event: 238.129 Thread 0x0000000019fea000  433       3       java.nio.Buffer::hasRemaining (17 bytes)
Event: 238.130 Thread 0x0000000019fea000 nmethod 433 0x00000000032e5850 code [0x00000000032e59a0, 0x00000000032e5b50]
Event: 238.130 Thread 0x0000000019fea000  431       1       java.util.Formatter$FixedString::index (3 bytes)
Event: 238.130 Thread 0x0000000019fea000 nmethod 431 0x00000000032e5590 code [0x00000000032e56e0, 0x00000000032e57f0]

GC Heap History (10 events):
Event: 172.618 GC heap before
{Heap before GC invocations=11 (full 0):
 PSYoungGen      total 32256K, used 30464K [0x00000000d5e00000, 0x00000000d8080000, 0x0000000100000000)
  eden space 30208K, 100% used [0x00000000d5e00000,0x00000000d7b80000,0x00000000d7b80000)
  from space 2048K, 12% used [0x00000000d7e80000,0x00000000d7ec0000,0x00000000d8080000)
  to   space 2560K, 0% used [0x00000000d7b80000,0x00000000d7b80000,0x00000000d7e00000)
 ParOldGen       total 87552K, used 1326K [0x0000000081a00000, 0x0000000086f80000, 0x00000000d5e00000)
  object space 87552K, 1% used [0x0000000081a00000,0x0000000081b4b940,0x0000000086f80000)
 Metaspace       used 5387K, capacity 5582K, committed 5888K, reserved 1056768K
  class space    used 590K, capacity 668K, committed 768K, reserved 1048576K
Event: 172.619 GC heap after
Heap after GC invocations=11 (full 0):
 PSYoungGen      total 30208K, used 320K [0x00000000d5e00000, 0x00000000d8000000, 0x0000000100000000)
  eden space 29696K, 0% used [0x00000000d5e00000,0x00000000d5e00000,0x00000000d7b00000)
  from space 512K, 62% used [0x00000000d7b80000,0x00000000d7bd0000,0x00000000d7c00000)
  to   space 2560K, 0% used [0x00000000d7d80000,0x00000000d7d80000,0x00000000d8000000)
 ParOldGen       total 87552K, used 1342K [0x0000000081a00000, 0x0000000086f80000, 0x00000000d5e00000)
  object space 87552K, 1% used [0x0000000081a00000,0x0000000081b4f940,0x0000000086f80000)
 Metaspace       used 5387K, capacity 5582K, committed 5888K, reserved 1056768K
  class space    used 590K, capacity 668K, committed 768K, reserved 1048576K
}
Event: 189.497 GC heap before
{Heap before GC invocations=12 (full 0):
 PSYoungGen      total 30208K, used 30016K [0x00000000d5e00000, 0x00000000d8000000, 0x0000000100000000)
  eden space 29696K, 100% used [0x00000000d5e00000,0x00000000d7b00000,0x00000000d7b00000)
  from space 512K, 62% used [0x00000000d7b80000,0x00000000d7bd0000,0x00000000d7c00000)
  to   space 2560K, 0% used [0x00000000d7d80000,0x00000000d7d80000,0x00000000d8000000)
 ParOldGen       total 87552K, used 1342K [0x0000000081a00000, 0x0000000086f80000, 0x00000000d5e00000)
  object space 87552K, 1% used [0x0000000081a00000,0x0000000081b4f940,0x0000000086f80000)
 Metaspace       used 5389K, capacity 5582K, committed 5888K, reserved 1056768K
  class space    used 590K, capacity 668K, committed 768K, reserved 1048576K
Event: 189.498 GC heap after
Heap after GC invocations=12 (full 0):
 PSYoungGen      total 31232K, used 256K [0x00000000d5e00000, 0x00000000d7f80000, 0x0000000100000000)
  eden space 29184K, 0% used [0x00000000d5e00000,0x00000000d5e00000,0x00000000d7a80000)
  from space 2048K, 12% used [0x00000000d7d80000,0x00000000d7dc0000,0x00000000d7f80000)
  to   space 2560K, 0% used [0x00000000d7a80000,0x00000000d7a80000,0x00000000d7d00000)
 ParOldGen       total 87552K, used 1342K [0x0000000081a00000, 0x0000000086f80000, 0x00000000d5e00000)
  object space 87552K, 1% used [0x0000000081a00000,0x0000000081b4f940,0x0000000086f80000)
 Metaspace       used 5389K, capacity 5582K, committed 5888K, reserved 1056768K
  class space    used 590K, capacity 668K, committed 768K, reserved 1048576K
}
Event: 206.450 GC heap before
{Heap before GC invocations=13 (full 0):
 PSYoungGen      total 31232K, used 29440K [0x00000000d5e00000, 0x00000000d7f80000, 0x0000000100000000)
  eden space 29184K, 100% used [0x00000000d5e00000,0x00000000d7a80000,0x00000000d7a80000)
  from space 2048K, 12% used [0x00000000d7d80000,0x00000000d7dc0000,0x00000000d7f80000)
  to   space 2560K, 0% used [0x00000000d7a80000,0x00000000d7a80000,0x00000000d7d00000)
 ParOldGen       total 87552K, used 1342K [0x0000000081a00000, 0x0000000086f80000, 0x00000000d5e00000)
  object space 87552K, 1% used [0x0000000081a00000,0x0000000081b4f940,0x0000000086f80000)
 Metaspace       used 5389K, capacity 5582K, committed 5888K, reserved 1056768K
  class space    used 590K, capacity 668K, committed 768K, reserved 1048576K
Event: 206.451 GC heap after
Heap after GC invocations=13 (full 0):
 PSYoungGen      total 29184K, used 256K [0x00000000d5e00000, 0x00000000d7f00000, 0x0000000100000000)
  eden space 28672K, 0% used [0x00000000d5e00000,0x00000000d5e00000,0x00000000d7a00000)
  from space 512K, 50% used [0x00000000d7a80000,0x00000000d7ac0000,0x00000000d7b00000)
  to   space 2560K, 0% used [0x00000000d7c80000,0x00000000d7c80000,0x00000000d7f00000)
 ParOldGen       total 87552K, used 1342K [0x0000000081a00000, 0x0000000086f80000, 0x00000000d5e00000)
  object space 87552K, 1% used [0x0000000081a00000,0x0000000081b4f940,0x0000000086f80000)
 Metaspace       used 5389K, capacity 5582K, committed 5888K, reserved 1056768K
  class space    used 590K, capacity 668K, committed 768K, reserved 1048576K
}
Event: 223.920 GC heap before
{Heap before GC invocations=14 (full 0):
 PSYoungGen      total 29184K, used 28928K [0x00000000d5e00000, 0x00000000d7f00000, 0x0000000100000000)
  eden space 28672K, 100% used [0x00000000d5e00000,0x00000000d7a00000,0x00000000d7a00000)
  from space 512K, 50% used [0x00000000d7a80000,0x00000000d7ac0000,0x00000000d7b00000)
  to   space 2560K, 0% used [0x00000000d7c80000,0x00000000d7c80000,0x00000000d7f00000)
 ParOldGen       total 87552K, used 1342K [0x0000000081a00000, 0x0000000086f80000, 0x00000000d5e00000)
  object space 87552K, 1% used [0x0000000081a00000,0x0000000081b4f940,0x0000000086f80000)
 Metaspace       used 5389K, capacity 5582K, committed 5888K, reserved 1056768K
  class space    used 590K, capacity 668K, committed 768K, reserved 1048576K
Event: 223.921 GC heap after
Heap after GC invocations=14 (full 0):
 PSYoungGen      total 30208K, used 224K [0x00000000d5e00000, 0x00000000d7e80000, 0x0000000100000000)
  eden space 28160K, 0% used [0x00000000d5e00000,0x00000000d5e00000,0x00000000d7980000)
  from space 2048K, 10% used [0x00000000d7c80000,0x00000000d7cb8000,0x00000000d7e80000)
  to   space 2560K, 0% used [0x00000000d7980000,0x00000000d7980000,0x00000000d7c00000)
 ParOldGen       total 87552K, used 1342K [0x0000000081a00000, 0x0000000086f80000, 0x00000000d5e00000)
  object space 87552K, 1% used [0x0000000081a00000,0x0000000081b4f940,0x0000000086f80000)
 Metaspace       used 5389K, capacity 5582K, committed 5888K, reserved 1056768K
  class space    used 590K, capacity 668K, committed 768K, reserved 1048576K
}
Event: 241.256 GC heap before
{Heap before GC invocations=15 (full 0):
 PSYoungGen      total 30208K, used 28384K [0x00000000d5e00000, 0x00000000d7e80000, 0x0000000100000000)
  eden space 28160K, 100% used [0x00000000d5e00000,0x00000000d7980000,0x00000000d7980000)
  from space 2048K, 10% used [0x00000000d7c80000,0x00000000d7cb8000,0x00000000d7e80000)
  to   space 2560K, 0% used [0x00000000d7980000,0x00000000d7980000,0x00000000d7c00000)
 ParOldGen       total 87552K, used 1342K [0x0000000081a00000, 0x0000000086f80000, 0x00000000d5e00000)
  object space 87552K, 1% used [0x0000000081a00000,0x0000000081b4f940,0x0000000086f80000)
 Metaspace       used 5390K, capacity 5582K, committed 5888K, reserved 1056768K
  class space    used 590K, capacity 668K, committed 768K, reserved 1048576K
Event: 241.257 GC heap after
Heap after GC invocations=15 (full 0):
 PSYoungGen      total 28160K, used 224K [0x00000000d5e00000, 0x00000000d7e00000, 0x0000000100000000)
  eden space 27648K, 0% used [0x00000000d5e00000,0x00000000d5e00000,0x00000000d7900000)
  from space 512K, 43% used [0x00000000d7980000,0x00000000d79b8000,0x00000000d7a00000)
  to   space 2560K, 0% used [0x00000000d7b80000,0x00000000d7b80000,0x00000000d7e00000)
 ParOldGen       total 87552K, used 1342K [0x0000000081a00000, 0x0000000086f80000, 0x00000000d5e00000)
  object space 87552K, 1% used [0x0000000081a00000,0x0000000081b4f940,0x0000000086f80000)
 Metaspace       used 5390K, capacity 5582K, committed 5888K, reserved 1056768K
  class space    used 590K, capacity 668K, committed 768K, reserved 1048576K
}

Deoptimization events (0 events):
No events

Internal exceptions (10 events):
Event: 0.130 Thread 0x0000000002ef3800 Exception <a 'java/security/PrivilegedActionException'> (0x00000000d5efe3f0) thrown at [C:\re\workspace\8-2-build-windows-amd64-cygwin\jdk8u121\8372\hotspot\src\share\vm\prims\jvm.cpp, line 1390]
Event: 0.130 Thread 0x0000000002ef3800 Exception <a 'java/security/PrivilegedActionException'> (0x00000000d5efe600) thrown at [C:\re\workspace\8-2-build-windows-amd64-cygwin\jdk8u121\8372\hotspot\src\share\vm\prims\jvm.cpp, line 1390]
Event: 0.183 Thread 0x0000000002ef3800 Exception <a 'java/lang/NoSuchFieldError': method resolution failed> (0x00000000d608b2b8) thrown at [C:\re\workspace\8-2-build-windows-amd64-cygwin\jdk8u121\8372\hotspot\src\share\vm\prims\methodHandles.cpp, line 1146]
Event: 0.185 Thread 0x0000000002ef3800 Exception <a 'java/lang/NoSuchFieldError': method resolution failed> (0x00000000d60986b8) thrown at [C:\re\workspace\8-2-build-windows-amd64-cygwin\jdk8u121\8372\hotspot\src\share\vm\prims\methodHandles.cpp, line 1146]
Event: 0.224 Thread 0x0000000002ef3800 Exception <a 'java/security/PrivilegedActionException'> (0x00000000d6141328) thrown at [C:\re\workspace\8-2-build-windows-amd64-cygwin\jdk8u121\8372\hotspot\src\share\vm\prims\jvm.cpp, line 1390]
Event: 0.224 Thread 0x0000000002ef3800 Exception <a 'java/security/PrivilegedActionException'> (0x00000000d6141720) thrown at [C:\re\workspace\8-2-build-windows-amd64-cygwin\jdk8u121\8372\hotspot\src\share\vm\prims\jvm.cpp, line 1390]
Event: 0.225 Thread 0x0000000002ef3800 Exception <a 'java/security/PrivilegedActionException'> (0x00000000d6145578) thrown at [C:\re\workspace\8-2-build-windows-amd64-cygwin\jdk8u121\8372\hotspot\src\share\vm\prims\jvm.cpp, line 1390]
Event: 0.225 Thread 0x0000000002ef3800 Exception <a 'java/security/PrivilegedActionException'> (0x00000000d6145970) thrown at [C:\re\workspace\8-2-build-windows-amd64-cygwin\jdk8u121\8372\hotspot\src\share\vm\prims\jvm.cpp, line 1390]
Event: 0.247 Thread 0x0000000002ef3800 Exception <a 'java/security/PrivilegedActionException'> (0x00000000d619d1a0) thrown at [C:\re\workspace\8-2-build-windows-amd64-cygwin\jdk8u121\8372\hotspot\src\share\vm\prims\jvm.cpp, line 1390]
Event: 0.248 Thread 0x0000000002ef3800 Exception <a 'java/security/PrivilegedActionException'> (0x00000000d619d3b0) thrown at [C:\re\workspace\8-2-build-windows-amd64-cygwin\jdk8u121\8372\hotspot\src\share\vm\prims\jvm.cpp, line 1390]

Events (10 events):
Event: 223.921 Executing VM operation: RevokeBias
Event: 223.921 Executing VM operation: RevokeBias done
Event: 223.921 Executing VM operation: RevokeBias
Event: 223.921 Executing VM operation: RevokeBias done
Event: 241.256 Executing VM operation: ParallelGCFailedAllocation
Event: 241.257 Executing VM operation: ParallelGCFailedAllocation done
Event: 241.257 Executing VM operation: RevokeBias
Event: 241.257 Executing VM operation: RevokeBias done
Event: 241.257 Executing VM operation: RevokeBias
Event: 241.257 Executing VM operation: RevokeBias done


Dynamic libraries:
0x00007ff648640000 - 0x00007ff648677000 	C:\ProgramData\Oracle\Java\javapath\java.exe
0x00007ff994800000 - 0x00007ff9949d2000 	C:\WINDOWS\SYSTEM32\ntdll.dll
0x00007ff992140000 - 0x00007ff9921ec000 	C:\WINDOWS\System32\KERNEL32.DLL
0x00007ff9916b0000 - 0x00007ff9918cd000 	C:\WINDOWS\System32\KERNELBASE.dll
0x00007ff992030000 - 0x00007ff9920d2000 	C:\WINDOWS\System32\ADVAPI32.dll
0x00007ff991f70000 - 0x00007ff99200e000 	C:\WINDOWS\System32\msvcrt.dll
0x00007ff993290000 - 0x00007ff9932e9000 	C:\WINDOWS\System32\sechost.dll
0x00007ff992560000 - 0x00007ff992681000 	C:\WINDOWS\System32\RPCRT4.dll
0x00007ff991bd0000 - 0x00007ff991d35000 	C:\WINDOWS\System32\USER32.dll
0x00007ff991bb0000 - 0x00007ff991bce000 	C:\WINDOWS\System32\win32u.dll
0x00007ff992d30000 - 0x00007ff992d64000 	C:\WINDOWS\System32\GDI32.dll
0x00007ff991970000 - 0x00007ff991af0000 	C:\WINDOWS\System32\gdi32full.dll
0x00007ff985c80000 - 0x00007ff985efa000 	C:\WINDOWS\WinSxS\amd64_microsoft.windows.common-controls_6595b64144ccf1df_6.0.14393.953_none_42151e83c686086b\COMCTL32.dll
0x00007ff992fb0000 - 0x00007ff993278000 	C:\WINDOWS\System32\combase.dll
0x00007ff9913e0000 - 0x00007ff9914d5000 	C:\WINDOWS\System32\ucrtbase.dll
0x00007ff991af0000 - 0x00007ff991b5a000 	C:\WINDOWS\System32\bcryptPrimitives.dll
0x00007ff992530000 - 0x00007ff99255e000 	C:\WINDOWS\System32\IMM32.DLL
0x0000000065750000 - 0x0000000065822000 	C:\Program Files\Java\jre1.8.0_121\bin\msvcr100.dll
0x0000000064eb0000 - 0x000000006574b000 	C:\Program Files\Java\jre1.8.0_121\bin\server\jvm.dll
0x00007ff990cd0000 - 0x00007ff990cf3000 	C:\WINDOWS\System32\WINMM.dll
0x00007ff990a70000 - 0x00007ff990a9b000 	C:\WINDOWS\System32\WINMMBASE.dll
0x00007ff990c70000 - 0x00007ff990cb2000 	C:\WINDOWS\System32\cfgmgr32.dll
0x00007ff980da0000 - 0x00007ff980da9000 	C:\WINDOWS\SYSTEM32\WSOCK32.dll
0x00007ff993280000 - 0x00007ff993288000 	C:\WINDOWS\System32\PSAPI.DLL
0x00007ff9921f0000 - 0x00007ff99225a000 	C:\WINDOWS\System32\WS2_32.dll
0x00007ff9816f0000 - 0x00007ff9816fa000 	C:\WINDOWS\SYSTEM32\VERSION.dll
0x0000000065900000 - 0x000000006590f000 	C:\Program Files\Java\jre1.8.0_121\bin\verify.dll
0x00000000658d0000 - 0x00000000658f9000 	C:\Program Files\Java\jre1.8.0_121\bin\java.dll
0x00000000658b0000 - 0x00000000658c6000 	C:\Program Files\Java\jre1.8.0_121\bin\zip.dll
0x00007ff9932f0000 - 0x00007ff9947f8000 	C:\WINDOWS\System32\SHELL32.dll
0x00007ff990d00000 - 0x00007ff9913da000 	C:\WINDOWS\System32\windows.storage.dll
0x00007ff991b60000 - 0x00007ff991bac000 	C:\WINDOWS\System32\powrprof.dll
0x00007ff9924b0000 - 0x00007ff992502000 	C:\WINDOWS\System32\shlwapi.dll
0x00007ff990aa0000 - 0x00007ff990aaf000 	C:\WINDOWS\System32\kernel.appcore.dll
0x00007ff990bc0000 - 0x00007ff990c69000 	C:\WINDOWS\System32\shcore.dll
0x00007ff990a50000 - 0x00007ff990a64000 	C:\WINDOWS\System32\profapi.dll
0x00007ff964d50000 - 0x00007ff964db9000 	C:\Users\asus\AppData\Local\Temp\JCudaRuntime-0.8.0-windows-x86_64.dll
0x00007ff979780000 - 0x00007ff9797c3000 	C:\Users\asus\AppData\Local\Temp\JCublas-0.8.0-windows-x86_64.dll
0x00007ff9408f0000 - 0x00007ff9430c7000 	C:\Program Files\NVIDIA GPU Computing Toolkit\CUDA\v8.0\bin\cublas64_80.dll
0x00007ff93ff00000 - 0x00007ff9408eb000 	C:\WINDOWS\system32\nvcuda.dll
0x00007ff992900000 - 0x00007ff992d29000 	C:\WINDOWS\System32\SETUPAPI.dll
0x00007ff964ca0000 - 0x00007ff964d4c000 	C:\WINDOWS\SYSTEM32\nvfatbinaryLoader.dll
0x00007ff98f1f0000 - 0x00007ff98f285000 	C:\WINDOWS\system32\uxtheme.dll
0x00007ff98f820000 - 0x00007ff98f848000 	C:\WINDOWS\SYSTEM32\DEVOBJ.dll
0x00007ff990b60000 - 0x00007ff990bb5000 	C:\WINDOWS\System32\WINTRUST.dll
0x00007ff990a40000 - 0x00007ff990a50000 	C:\WINDOWS\System32\MSASN1.dll
0x00007ff9914e0000 - 0x00007ff9916a9000 	C:\WINDOWS\System32\CRYPT32.dll
0x00007ff97b290000 - 0x00007ff97b68c000 	C:\WINDOWS\system32\nvapi64.dll
0x00007ff992d70000 - 0x00007ff992ea8000 	C:\WINDOWS\System32\ole32.dll
0x00007ff98fae0000 - 0x00007ff98fb7f000 	C:\WINDOWS\SYSTEM32\dxgi.dll
0x00007ff964c20000 - 0x00007ff964c9f000 	C:\Users\asus\AppData\Local\Temp\JCublas2-0.8.0-windows-x86_64.dll
0x00007ff97cc00000 - 0x00007ff97cd92000 	C:\WINDOWS\SYSTEM32\dbghelp.dll

VM Arguments:
java_command: VectorDNN
java_class_path (initial): %CLASSPATH%;D:\Coding\java learning\guava\guava-23.0.jar;.;C:\Program Files\Java\jdk1.8.0_121\lib\tools.jar;C:\Program Files\Java\jdk1.8.0_51\lib\dt.jar;C:\Program Files\Java\jdk1.8.0_121\lib\dt.jar;C:\Program Files\Java\jdk1.8.0_121\lib\jcublas-0.8.0.jar;C:\Program Files\Java\jdk1.8.0_121\lib\jcublas-natives-0.8.0-windows-x86_64.jar;C:\Program Files\Java\jdk1.8.0_121\lib\guava-23.0.jar;C:\Program Files\Java\jdk1.8.0_121\lib\jcuda-0.8.0.jar;C:\Program Files\Java\jdk1.8.0_121\lib\jcuda-natives-0.8.0-windows-x86_64.jar;C:\Program Files\Java\jdk1.8.0_121\lib\jcuff-0.8.0.jar;C:\Program Files\Java\jdk1.8.0_121\lib\jcuff-natives-0.8.0-windows-x86_64.jar;C:\Program Files\Java\jdk1.8.0_121\lib\jcurand-0.8.0.jar;C:\Program Files\Java\jdk1.8.0_121\lib\jcurand-natives-0.8.0-windows-x86_64.jar;C:\Program Files\Java\jdk1.8.0_121\lib\jcusolver-0.8.0.jar;C:\Program Files\Java\jdk1.8.0_121\lib\jcusolver-natives-0.8.0-windows-x86_64.jar;C:\Program Files\Java\jdk1.8.0_121\lib\jcusparse-0.8.0.jar;C:\Program Files\Java\jdk1.8.0_121\lib\jcusparse-natives-0.8.0-windows-x86_64.jar;C:\Program Files\Java\jdk1.8.0_121\lib\jnvgraph-0.8.0.jar;C:\Program Files\Java\jdk1.8.0_121\lib\jnvgraph-natives-0.8.0-windows-x86_64.jar;D:\Coding\java learning\guava\guava-23.0.jar;.;C:\Program Files\Java\jdk1.8.0_121\lib\tools.jar;C:\Program Files\Java\jdk1.8.0_51\lib\dt.jar;C:\Program Files\Java\jdk1.8.0_121\lib\dt.jar;C:\Program Files\Java\jdk1.8.0_121\lib\jcublas-0.8.0.jar;C:\Program Files\Java\jdk1.8.0_121\lib\jcublas-natives-0.8.0-windows-x86_64.jar;C:\Program Files\Java\jdk1.8.0_121\lib\guava-23.0.jar;C:\Program Files\Java\jdk1.8.0_121\lib\jcuda-0.8.0.jar;C:\Program Files\Java\jdk1.8.0_121\lib\jcuda-natives-0.8.0-windows-x86_64.jar;C:\Program Files\Java\jdk1.8.0_121\lib\jcuff-0.8.0.jar;C:\Program Files\Java\jdk1.8.0_121\lib\jcuff-natives-0.8.0-windows-x86_64.jar;C:\Program Files\Java\jdk1.8.0_121\lib\jcurand-0.8.0.jar;C:\Program Files\Java\jdk1.8.0_121\lib\jcurand-natives-0
Launcher Type: SUN_STANDARD

Environment Variables:
PATH=C:\Program Files\NVIDIA GPU Computing Toolkit\CUDA\v8.0\bin;C:\Program Files\NVIDIA GPU Computing Toolkit\CUDA\v8.0\libnvvp;E:\Python36\Scripts\;E:\Python36\;E:\python3\Scripts\;E:\python3\;C:\ProgramData\Oracle\Java\javapath;C:\Program Files (x86)\Intel\iCLS Client\;C:\Program Files\Intel\iCLS Client\;C:\Windows\system32;C:\Windows;C:\Windows\System32\Wbem;C:\Windows\System32\WindowsPowerShell\v1.0\;C:\Program Files\Intel\Intel(R) Management Engine Components\DAL;C:\Program Files\Intel\Intel(R) Management Engine Components\IPT;C:\Program Files (x86)\Intel\Intel(R) Management Engine Components\DAL;C:\Program Files (x86)\Intel\Intel(R) Management Engine Components\IPT;C:\Program Files (x86)\Windows Kits\8.1\Windows Performance Toolkit\;C:\Program Files\Microsoft SQL Server\110\Tools\Binn\;C:\Program Files (x86)\Microsoft SDKs\TypeScript\1.0\;C:\Program Files (x86)\NVIDIA Corporation\PhysX\Common;C:\WINDOWS\system32;C:\WINDOWS;C:\WINDOWS\System32\Wbem;C:\WINDOWS\System32\WindowsPowerShell\v1.0\;D:\lua\5.1;D:\lua\5.1\clibs;C:\Program Files (x86)\Microsoft SQL Server\100\Tools\Binn\;C:\Program Files\Microsoft SQL Server\100\Tools\Binn\;C:\Program Files\Microsoft SQL Server\100\DTS\Binn\;D:\nodejs\;d:\quartus\alter\quartus\bin;C:\Program Files\Java\jdk1.8.0_121\bin;D:\MATLAB\software installed\runtime\win64;D:\MATLAB\software installed\bin;D:\tortoisegit\bin;D:\GitForWin\Git\cmd;D:\cmake\bin;D:\mingw\bin;C:\MinGW\bin;D:\PuTTY\;C:\Program Files\Intel\WiFi\bin\;C:\Program Files\Common Files\Intel\WirelessCommon\;D:\vc\Tools\WinNT;D:\vc\MSDev98\Bin;D:\vc\Tools;D:\VC98\bin;C:\Program Files\Intel\WiFi\bin\;C:\Program Files\Common Files\Intel\WirelessCommon\;C:\Users\asus\AppData\Roaming\npm;C:\Users\asus\AppData\Local\Microsoft\WindowsApps;C:\Python27\Lib\site-packages\django\bin;D:\mingw\bin;C:\MinGW\bin
USERNAME=Qiaofeng
OS=Windows_NT
PROCESSOR_IDENTIFIER=Intel64 Family 6 Model 60 Stepping 3, GenuineIntel



---------------  S Y S T E M  ---------------

OS: Windows 10.0 , 64 bit Build 14393 (10.0.14393.1198)

CPU:total 8 (4 cores per cpu, 2 threads per core) family 6 model 60 stepping 3, cmov, cx8, fxsr, mmx, sse, sse2, sse3, ssse3, sse4.1, sse4.2, popcnt, avx, avx2, aes, clmul, erms, lzcnt, ht, tsc, tscinvbit, bmi1, bmi2

Memory: 4k page, physical 8274912k(972532k free), swap 10566200k(1610544k free)

vm_info: Java HotSpot(TM) 64-Bit Server VM (25.121-b13) for windows-amd64 JRE (1.8.0_121-b13), built on Dec 12 2016 18:21:36 by "java_re" with MS VC++ 10.0 (VS2010)

time: Tue Oct 10 23:35:59 2017
elapsed time: 241 seconds (0d 0h 4m 1s)

